Messages from application of /Library/Frameworks/Python.framework/Versions/3.6/lib/python3.6/site-packages/pretext/static/xsl/pretext-html.xsl:
PTX:ERROR:   a cross-reference ("xref") uses references [Chap_Foundations] that do not point to any target.  Maybe you typed an @xml:id value wrong, maybe the target of the @xml:id is nonexistent, or maybe you temporarily removed the target from your source.  Your output will contain some placeholder text that you will not want to distribute to your readers.
             located within: "Chap_Categorical" (xml:id), "Inference for Categorical Variables" (title)
PTX:ERROR:   a cross-reference ("xref") uses references [remark-otherCI] that do not point to any target.  Maybe you typed an @xml:id value wrong, maybe the target of the @xml:id is nonexistent, or maybe you temporarily removed the target from your source.  Your output will contain some placeholder text that you will not want to distribute to your readers.
             located within: "Sec_SizeofSampleCat" (xml:id), "Size of Samples (Categorical)" (title)
PTX:ERROR:   a cross-reference ("xref") uses references [theorem-CLTprop] that do not point to any target.  Maybe you typed an @xml:id value wrong, maybe the target of the @xml:id is nonexistent, or maybe you temporarily removed the target from your source.  Your output will contain some placeholder text that you will not want to distribute to your readers.
             located within: "remark-varprop" (xml:id)
PTX:ERROR:   a cross-reference ("xref") uses references [theorem-CLTprop] that do not point to any target.  Maybe you typed an @xml:id value wrong, maybe the target of the @xml:id is nonexistent, or maybe you temporarily removed the target from your source.  Your output will contain some placeholder text that you will not want to distribute to your readers.
             located within: "activity-smokingweight" (xml:id), "Smoking and Baby Weight" (title)
PTX:ERROR:   a cross-reference ("xref") uses references [theorem-CLTprop] that do not point to any target.  Maybe you typed an @xml:id value wrong, maybe the target of the @xml:id is nonexistent, or maybe you temporarily removed the target from your source.  Your output will contain some placeholder text that you will not want to distribute to your readers.
             located within: "activity-smokingweight" (xml:id), "Smoking and Baby Weight" (title)
PTX:ERROR:   a cross-reference ("xref") uses references [remark-linofEV] that do not point to any target.  Maybe you typed an @xml:id value wrong, maybe the target of the @xml:id is nonexistent, or maybe you temporarily removed the target from your source.  Your output will contain some placeholder text that you will not want to distribute to your readers.
             located within: "activity-smokingweight" (xml:id), "Smoking and Baby Weight" (title)
PTX:ERROR:   a cross-reference ("xref") uses references [remark-linofEV] that do not point to any target.  Maybe you typed an @xml:id value wrong, maybe the target of the @xml:id is nonexistent, or maybe you temporarily removed the target from your source.  Your output will contain some placeholder text that you will not want to distribute to your readers.
             located within: "activity-smokingweight" (xml:id), "Smoking and Baby Weight" (title)
PTX:ERROR:   a cross-reference ("xref") uses references [Sec_ConfidenceInterval] that do not point to any target.  Maybe you typed an @xml:id value wrong, maybe the target of the @xml:id is nonexistent, or maybe you temporarily removed the target from your source.  Your output will contain some placeholder text that you will not want to distribute to your readers.
             located within: "remark-CIfordiffprop" (xml:id)
PTX:ERROR:   a cross-reference ("xref") uses references [remark-otherCI] that do not point to any target.  Maybe you typed an @xml:id value wrong, maybe the target of the @xml:id is nonexistent, or maybe you temporarily removed the target from your source.  Your output will contain some placeholder text that you will not want to distribute to your readers.
             located within: "remark-CIfordiffprop" (xml:id)
PTX:ERROR:   a cross-reference ("xref") uses references [remark-stepsofHT] that do not point to any target.  Maybe you typed an @xml:id value wrong, maybe the target of the @xml:id is nonexistent, or maybe you temporarily removed the target from your source.  Your output will contain some placeholder text that you will not want to distribute to your readers.
             located within: "remark-hypothesistestdiffofprop" (xml:id)
PTX:ERROR:   a cross-reference ("xref") uses references [definition-pvalue] that do not point to any target.  Maybe you typed an @xml:id value wrong, maybe the target of the @xml:id is nonexistent, or maybe you temporarily removed the target from your source.  Your output will contain some placeholder text that you will not want to distribute to your readers.
             located within: "remark-hypothesistestdiffofprop" (xml:id)
PTX:ERROR:   a cross-reference ("xref") uses references [activity-derivingvariation] that do not point to any target.  Maybe you typed an @xml:id value wrong, maybe the target of the @xml:id is nonexistent, or maybe you temporarily removed the target from your source.  Your output will contain some placeholder text that you will not want to distribute to your readers.
             located within: "remark-chiteststat" (xml:id)
PTX:ERROR:   a cross-reference ("xref") uses references [definition-popvariance] that do not point to any target.  Maybe you typed an @xml:id value wrong, maybe the target of the @xml:id is nonexistent, or maybe you temporarily removed the target from your source.  Your output will contain some placeholder text that you will not want to distribute to your readers.
             located within: "remark-chiteststat" (xml:id)
PTX:ERROR:   a cross-reference ("xref") uses references [remark-proddefofind] that do not point to any target.  Maybe you typed an @xml:id value wrong, maybe the target of the @xml:id is nonexistent, or maybe you temporarily removed the target from your source.  Your output will contain some placeholder text that you will not want to distribute to your readers.
             located within: "exploration-predatory" (xml:id), "OER vs Predatory Publishers and Student Access" (title)
